make all --print-data-base --no-builtin-variables --no-builtin-rules --question
# GNU Make 3.81
# Copyright (C) 2006  Free Software Foundation, Inc.
# This is free software; see the source for copying conditions.
# There is NO warranty; not even for MERCHANTABILITY or FITNESS FOR A
# PARTICULAR PURPOSE.

# This program built for i386-apple-darwin11.3.0

# Make data base, printed on Sun Jun 26 10:32:34 2022

# Variables

# automatic
<D = $(patsubst %/,%,$(dir $<))
# automatic
?F = $(notdir $?)
# environment
VSCODE_LOG_NATIVE = false
# automatic
?D = $(patsubst %/,%,$(dir $?))
# makefile (from `Makefile', line 25)
INCLUDES = -I.. -I. 
# automatic
@D = $(patsubst %/,%,$(dir $@))
# makefile (from `Makefile', line 59)
EXE = perturabo
# automatic
@F = $(notdir $@)
# makefile
CURDIR := /Users/benjamingarner/perturabo
# makefile
SHELL = /bin/sh
# environment
VSCODE_NLS_CONFIG = {"locale":"en-gb","availableLanguages":{},"_languagePackSupport":true}
# environment
_ = /usr/bin/make
# makefile (from `Makefile', line 21)
CFLAGS = -Wall -g -w -std=c++20 $(DEPFLAGS)
# makefile (from `Makefile', line 18)
DEPFLAGS = -MT $@ -MMD -MP -MF $(patsubst %.o,%.d,$@)
# makefile (from `../build/perturabo/log.d', line 1)
MAKEFILE_LIST :=  Makefile ../build/perturabo/main.d ../build/perturabo/log.d
# environment
VSCODE_VERBOSE_LOGGING = true
# environment
X_API_KEY = 6f04394c7dc149e68abe2d738141fa0f
# environment
__CFBundleIdentifier = com.microsoft.VSCode
# environment
INFOPATH = /opt/homebrew/share/info:
# environment
VSCODE_IPC_HOOK_EXTHOST = /var/folders/d0/0tjq_wz975g6l4n0xzhdj8d00000gn/T/vscode-ipc-f39ec903-6763-462a-992e-32eae8e32467.sock
# environment
VSCODE_CWD = /
# environment
PATH = /Library/Frameworks/Python.framework/Versions/3.10/bin:/opt/homebrew/bin:/opt/homebrew/sbin:/usr/local/bin:/usr/bin:/bin:/usr/sbin:/sbin
# makefile (from `Makefile', line 37)
VPATH = util
# environment
VSCODE_LOG_STACK = false
# environment
ELECTRON_RUN_AS_NODE = 1
# default
.FEATURES := target-specific order-only second-expansion else-if archives jobserver check-symlink
# environment
SSH_AUTH_SOCK = /private/tmp/com.apple.launchd.3lo7dloRhQ/Listeners
# automatic
%F = $(notdir $%)
# environment
VSCODE_PIPE_LOGGING = true
# makefile (from `Makefile', line 56)
OBJS = $(addprefix $(OBJDIR)/,$(notdir $(SRCS:.cpp=.o)))
# environment
PWD = /Users/benjamingarner/perturabo
# environment
HOMEBREW_CELLAR = /opt/homebrew/Cellar
# environment
ORIGINAL_XDG_CURRENT_DESKTOP = undefined
# environment
MANPATH = /opt/homebrew/share/man::
# environment
VSCODE_AMD_ENTRYPOINT = vs/workbench/api/node/extensionHostProcess
# environment
HOME = /Users/benjamingarner
# default
MAKEFILEPATH = $(shell /usr/bin/xcode-select -print-path 2>/dev/null || echo /Developer)/Makefiles
# environment
VSCODE_CODE_CACHE_PATH = /Users/benjamingarner/Library/Application Support/Code/CachedData/30d9c6cd9483b2cc586687151bcbcd635f373630
# environment
LOGNAME = benjamingarner
# environment
APPLICATION_INSIGHTS_NO_DIAGNOSTIC_CHANNEL = 1
# environment
VSCODE_HANDLES_UNCAUGHT_ERRORS = true
# automatic
^D = $(patsubst %/,%,$(dir $^))
# environment
XPC_FLAGS = 0x0
# default
MAKE = $(MAKE_COMMAND)
# default
MAKECMDGOALS := all
# makefile (from `Makefile', line 44)
SRCS = main.cpp $(CONTRIB_SRC)
# environment
SHLVL = 1
# makefile (from `Makefile', line 15)
CC = c++
# makefile (from `Makefile', line 1)
BUILD_DIR = ../build
# makefile (from `Makefile', line 40)
CONTRIB_SRC = log.cpp 
# default
MAKE_VERSION := 3.81
# environment
USER = benjamingarner
# makefile
.DEFAULT_GOAL := all
# automatic
%D = $(patsubst %/,%,$(dir $%))
# default
MAKE_COMMAND := /Library/Developer/CommandLineTools/usr/bin/make
# default
.VARIABLES := 
# environment
TMPDIR = /var/folders/d0/0tjq_wz975g6l4n0xzhdj8d00000gn/T/
# automatic
*F = $(notdir $*)
# environment
VSCODE_IPC_HOOK = /Users/benjamingarner/Library/Application Support/Code/1.68.1-main.sock
# makefile
MAKEFLAGS = Rrqp
# environment
MFLAGS = -Rrqp
# automatic
*D = $(patsubst %/,%,$(dir $*))
# environment
XPC_SERVICE_NAME = application.com.microsoft.VSCode.16012108.16012114
# environment
HOMEBREW_PREFIX = /opt/homebrew
# automatic
+D = $(patsubst %/,%,$(dir $+))
# automatic
+F = $(notdir $+)
# environment
HOMEBREW_REPOSITORY = /opt/homebrew
# environment
__CF_USER_TEXT_ENCODING = 0x1F5:0:15
# environment
COMMAND_MODE = unix2003
# default
MAKEFILES := 
# automatic
<F = $(notdir $<)
# makefile (from `Makefile', line 2)
OBJDIR = $(BUILD_DIR)/perturabo
# environment
LC_ALL = C
# makefile (from `Makefile', line 34)
LIBS = $(OS_LIBS)
# automatic
^F = $(notdir $^)
# default
SUFFIXES := 
# environment
MAKELEVEL := 0
# makefile (from `Makefile', line 5)
os = $(shell uname)
# environment
LANG = C
# environment
VSCODE_PID = 53388
# variable set hash-table stats:
# Load=80/1024=8%, Rehash=0, Collisions=10/136=7%

# Pattern-specific Variable Values

# No pattern-specific variable values.

# Directories

# . (device 16777232, inode 14281281): 19 files, no impossibilities.
# util (device 16777232, inode 14281361): 5 files, no impossibilities.

# 24 files, no impossibilities in 2 directories.

# Implicit Rules

../build/perturabo/%.o: %.cpp
#  commands to execute (from `Makefile', line 82):
	$(CC) $(CFLAGS) $(INCLUDES) -c $<  -o $@
	

# 1 implicit rules, 0 (0.0%) terminal.

# Files

all: ../build/perturabo ../build/perturabo/perturabo
#  Command-line target.
#  Implicit rule search has been done.
#  File does not exist.
#  File has been updated.
#  Successfully updated.
# variable set hash-table stats:
# Load=0/32=0%, Rehash=0, Collisions=0/0=0%

json/single_include/nlohmann/json.hpp:
#  Implicit rule search has been done.
#  Last modified 2022-05-31 19:19:40
#  File has been updated.
#  Successfully updated.
# variable set hash-table stats:
# Load=0/32=0%, Rehash=0, Collisions=0/0=0%

.PHONY: clean
#  Implicit rule search has not been done.
#  Modification time never checked.
#  File has not been updated.

util/buffer.hpp:
#  Implicit rule search has been done.
#  Last modified 2022-06-25 22:45:16
#  File has been updated.
#  Successfully updated.
# variable set hash-table stats:
# Load=0/32=0%, Rehash=0, Collisions=0/0=0%

# Not a target:
.SUFFIXES:
#  Implicit rule search has not been done.
#  Modification time never checked.
#  File has not been updated.

# Not a target:
Makefile:
#  Implicit rule search has been done.
#  Last modified 2022-06-24 15:00:52
#  File has been updated.
#  Successfully updated.
# variable set hash-table stats:
# Load=0/32=0%, Rehash=0, Collisions=0/0=0%

../build/perturabo/perturabo: ../build/perturabo/main.o ../build/perturabo/log.o
#  Implicit rule search has not been done.
#  Last modified 2022-06-25 22:48:48
#  File has been updated.
#  Successfully updated.
# variable set hash-table stats:
# Load=0/32=0%, Rehash=0, Collisions=0/0=0%
#  commands to execute (from `Makefile', line 75):
	$(CC) $(CFLAGS) $(INCLUDES) -o $(OBJDIR)/$(EXE) $(OBJS) $(LFLAGS) $(LIBS)
	

# Not a target:
../build/perturabo/main.d:
#  A default, MAKEFILES, or -include/sinclude makefile.
#  Implicit rule search has been done.
#  Last modified 2022-06-25 22:48:48
#  File has been updated.
#  Successfully updated.
# variable set hash-table stats:
# Load=0/32=0%, Rehash=0, Collisions=0/0=0%

# Not a target:
util/log.cpp:
#  Implicit rule search has been done.
#  Last modified 2022-05-29 18:29:19
#  File has been updated.
#  Successfully updated.
# variable set hash-table stats:
# Load=0/32=0%, Rehash=0, Collisions=0/0=0%

# Not a target:
main.cpp:
#  Implicit rule search has been done.
#  Last modified 2022-06-25 22:24:49
#  File has been updated.
#  Successfully updated.
# variable set hash-table stats:
# Load=0/32=0%, Rehash=0, Collisions=0/0=0%

util/log.hpp:
#  Implicit rule search has been done.
#  Last modified 2022-05-29 18:29:19
#  File has been updated.
#  Successfully updated.
# variable set hash-table stats:
# Load=0/32=0%, Rehash=0, Collisions=0/0=0%

# Not a target:
../build/perturabo/log.d:
#  A default, MAKEFILES, or -include/sinclude makefile.
#  Implicit rule search has been done.
#  Last modified 2022-05-29 21:05:43
#  File has been updated.
#  Successfully updated.
# variable set hash-table stats:
# Load=0/32=0%, Rehash=0, Collisions=0/0=0%

event.hpp:
 
#  Implicit rule search has been done.
#  Last modified 2022-06-24 16:30:56
#  File has been updated.
#  Successfully updated.
# variable set hash-table stats:
# Load=0/32=0%, Rehash=0, Collisions=0/0=0%

# Not a target:
.DEFAULT:
#  Implicit rule search has not been done.
#  Modification time never checked.
#  File has not been updated.

../build/perturabo/main.o: main.cpp main.cpp util/buffer.hpp util/log.hpp topic.hpp json/single_include/nlohmann/json.hpp topic_manager.hpp event.hpp
#  Implicit rule search has been done.
#  Implicit/static pattern stem: `main'
#  Last modified 2022-06-25 22:48:48
#  File has been updated.
#  Successfully updated.
# variable set hash-table stats:
# Load=0/32=0%, Rehash=0, Collisions=0/0=0%
#  commands to execute (from `Makefile', line 82):
	$(CC) $(CFLAGS) $(INCLUDES) -c $<  -o $@
	

clean:
#  Phony target (prerequisite of .PHONY).
#  Implicit rule search has not been done.
#  File does not exist.
#  File has not been updated.
#  commands to execute (from `Makefile', line 85):
	rm -rf $(OBJDIR)
	

topic.hpp:
#  Implicit rule search has been done.
#  Last modified 2022-06-25 22:48:44
#  File has been updated.
#  Successfully updated.
# variable set hash-table stats:
# Load=0/32=0%, Rehash=0, Collisions=0/0=0%

../build/perturabo/log.o: util/log.cpp util/log.cpp util/log.hpp
#  Implicit rule search has been done.
#  Implicit/static pattern stem: `log'
#  Last modified 2022-05-29 21:05:43
#  File has been updated.
#  Successfully updated.
# variable set hash-table stats:
# Load=0/32=0%, Rehash=0, Collisions=0/0=0%
#  commands to execute (from `Makefile', line 82):
	$(CC) $(CFLAGS) $(INCLUDES) -c $<  -o $@
	

topic_manager.hpp:
#  Implicit rule search has been done.
#  Last modified 2022-06-25 13:51:42
#  File has been updated.
#  Successfully updated.
# variable set hash-table stats:
# Load=0/32=0%, Rehash=0, Collisions=0/0=0%

../build/perturabo:
#  Implicit rule search has not been done.
#  Last modified 2022-06-25 22:48:48
#  File has been updated.
#  Successfully updated.
#  commands to execute (from `Makefile', line 72):
	mkdir -p $(OBJDIR)
	

# files hash-table stats:
# Load=20/1024=2%, Rehash=0, Collisions=0/64=0%
# VPATH Search Paths

# No `vpath' search paths.

# General (`VPATH' variable) search path:
# util

# # of strings in strcache: 3
# # of strcache buffers: 1
# strcache size: total = 4096 / max = 4096 / min = 4096 / avg = 4096
# strcache free: total = 4036 / max = 4036 / min = 4036 / avg = 4036

# Finished Make data base on Sun Jun 26 10:32:34 2022

 
